<?xml version="1.0" encoding="UTF-8"?>
<!-- Generated by org.testng.reporters.JUnitReportReporter -->
<testsuite hostname="DESKTOP-91B7HJ8" name="test.LoginTest" tests="1" failures="0" timestamp="2 Jun 2019 17:29:23 GMT" time="0.016" errors="0">
  <testcase name="loginTest" time="0.016" classname="test.LoginTest"/>
</testsuite> <!-- test.LoginTest -->
