<?xml version="1.0" encoding="UTF-8"?>
<!-- Generated by org.testng.reporters.JUnitReportReporter -->
<testsuite hostname="DESKTOP-IT377E7" failures="0" tests="1" name="test.LoginTest" time="9.590" errors="0" timestamp="2 Jun 2019 18:08:56 GMT">
  <testcase classname="test.LoginTest" name="loginTest" time="9.590"/>
</testsuite> <!-- test.LoginTest -->
