<?xml version="1.0" encoding="UTF-8"?>
<!-- Generated by org.testng.reporters.JUnitReportReporter -->
<testsuite hostname="LAPTOP-S244PV3I" failures="0" tests="1" name="test.LoginTest" time="7.464" errors="0" timestamp="7 Jun 2019 18:20:41 GMT">
  <testcase classname="test.LoginTest" name="loginTest" time="7.464"/>
</testsuite> <!-- test.LoginTest -->
